<?xml version="1.0" encoding="UTF-8"?>
<!-- Generated by org.testng.reporters.JUnitXMLReporter -->
<testsuite ignored="4" hostname="LAPTOP-KH3R9QP0" failures="0" tests="3" name="TestRunner-2" time="1.636" errors="0" timestamp="2023-09-20T13:20:04 IST">
  <testcase classname="com.insurance.ASTL_script.AddClientFromPomTest" name="createclienttest" time="0.0">
    <skipped/>
  </testcase> <!-- createclienttest -->
  <testcase classname="com.insurance.ASTL_script.AddPaymentFromPomTest" name="addPayment" time="0.001">
    <skipped/>
  </testcase> <!-- addPayment -->
  <testcase classname="com.insurance.ASTL_script.AddNomineeFromPomTest" name="addNominee" time="0.0">
    <skipped/>
  </testcase> <!-- addNominee -->
  <testcase classname="com.insu.Genericutils.BaseClass" name="@BeforeSuite configBS" time="0.0">
    <ignored/>
  </testcase> <!-- @BeforeSuite configBS -->
  <testcase classname="com.insu.Genericutils.BaseClass" name="@BeforeSuite configBS" time="0.0">
    <ignored/>
  </testcase> <!-- @BeforeSuite configBS -->
  <testcase classname="com.insu.Genericutils.BaseClass" name="@AfterSuite configAS" time="0.0">
    <ignored/>
  </testcase> <!-- @AfterSuite configAS -->
  <testcase classname="com.insu.Genericutils.BaseClass" name="@AfterSuite configAS" time="0.0">
    <ignored/>
  </testcase> <!-- @AfterSuite configAS -->
</testsuite> <!-- TestRunner-2 -->
